Arguments: 
  /Users/jschmitz/.nvm/versions/node/v16.11.1/bin/node /usr/local/Cellar/yarn/1.22.18/libexec/bin/yarn.js install

PATH: 
  /Users/jschmitz/.nvm/versions/node/v16.11.1/bin:/Users/jschmitz/.rvm/gems/ruby-2.7.2/bin:/Users/jschmitz/.rvm/gems/ruby-2.7.2@global/bin:/Users/jschmitz/.rvm/rubies/ruby-2.7.2/bin:/usr/local/bin:/usr/bin:/bin:/usr/sbin:/sbin:/opt/X11/bin:/Users/jschmitz/.rvm/bin

Yarn version: 
  1.22.18

Node version: 
  16.11.1

Platform: 
  darwin x64

Trace: 
  Error: Client network socket disconnected before secure TLS connection was established
      at connResetException (node:internal/errors:691:14)
      at TLSSocket.onConnectEnd (node:_tls_wrap:1585:19)
      at TLSSocket.emit (node:events:402:35)
      at endReadableNT (node:internal/streams/readable:1343:12)
      at processTicksAndRejections (node:internal/process/task_queues:83:21)

npm manifest: 
  {
    "name": "@exercism/typescript-secret-handshake",
    "version": "1.0.0",
    "description": "Exercism exercises in Typescript.",
    "private": true,
    "repository": {
      "type": "git",
      "url": "https://github.com/exercism/typescript"
    },
    "type": "module",
    "engines": {
      "node": "^14.13.1 || >=16.0.0"
    },
    "devDependencies": {
      "@exercism/babel-preset-typescript": "^0.1.0",
      "@exercism/eslint-config-typescript": "^0.4.1",
      "@types/jest": "^27.4.0",
      "@types/node": "^16.11.24",
      "babel-jest": "^27.5.1",
      "core-js": "^3.21.0",
      "eslint": "^8.9.0",
      "jest": "^27.5.1",
      "typescript": "^4.5.4"
    },
    "scripts": {
      "test": "yarn lint:types && jest --no-cache",
      "lint": "yarn lint:types && yarn lint:ci",
      "lint:types": "yarn tsc --noEmit -p .",
      "lint:ci": "eslint . --ext .tsx,.ts"
    }
  }

yarn manifest: 
  No manifest

Lockfile: 
  No lockfile
